<?xml version="1.0" encoding="UTF-8"?>
<!-- Generated by org.testng.reporters.JUnitXMLReporter -->
<testsuite ignored="0" hostname="Ayushdhardwivedi" failures="0" tests="10" name="SwiggyAPI-ParallelTests" time="5.676" errors="0" timestamp="2025-05-16T21:51:17 IST">
  <testcase classname="Swiggy.MenuTests" name="NottestGetMenuByRestaurant" time="2.556"/>
  <testcase classname="Swiggy.CartTest" name="testAddItemToCart" time="2.677"/>
  <testcase classname="Swiggy.CheckoutTest" name="testPlaceOrder" time="2.677"/>
  <testcase classname="Swiggy.RestaurantsTest" name="testGetRestaurants" time="3.039"/>
  <testcase classname="Swiggy.LoginTest" name="InValidtestUserLogin" time="3.041"/>
  <testcase classname="Swiggy.CartTest" name="testGetCartItems" time="0.343"/>
  <testcase classname="Swiggy.CheckoutTest" name="testGetOrders" time="0.344"/>
  <testcase classname="Swiggy.LoginTest" name="ValidtestUserLogin" time="0.065"/>
  <testcase classname="Swiggy.OrderSuccessTest" name="testCheckoutSuccessMessage" time="4.179"/>
  <testcase classname="Swiggy.MenuTests" name="testGetMenuByRestaurant" time="1.625"/>
</testsuite> <!-- SwiggyAPI-ParallelTests -->
